Flutter crash report.
Please report a bug at https://github.com/flutter/flutter/issues.

## command

flutter run --machine --start-paused -d chrome --devtools-server-address http://127.0.0.1:9100/ --target /Users/romanhowladar/Desktop/flutter app/weather_app/lib/main.dart

## exception

HttpException: HttpException: Connection closed before full header was received, uri = http://localhost:63190/json

```
```

## flutter doctor

```
[✓] Flutter (Channel stable, 3.24.0, on macOS 14.5 23F79 darwin-arm64, locale en-US)
    • Flutter version 3.24.0 on channel stable at /Users/romanhowladar/development/flutter
    • Upstream repository https://github.com/flutter/flutter.git
    • Framework revision 80c2e84975 (2 weeks ago), 2024-07-30 23:06:49 +0700
    • Engine revision b8800d88be
    • Dart version 3.5.0
    • DevTools version 2.37.2

[✓] Android toolchain - develop for Android devices (Android SDK version 35.0.0)
    • Android SDK at /Users/romanhowladar/Library/Android/sdk
    • Platform android-35, build-tools 35.0.0
    • Java binary at: /Applications/Android Studio.app/Contents/jbr/Contents/Home/bin/java
    • Java version OpenJDK Runtime Environment (build 17.0.11+0-17.0.11b1207.24-11852314)
    • All Android licenses accepted.

[✓] Xcode - develop for iOS and macOS (Xcode 15.2)
    • Xcode at /Applications/Xcode.app/Contents/Developer
    • Build 15C500b
    • CocoaPods version 1.15.2

[✓] Chrome - develop for the web
    • Chrome at /Applications/Google Chrome.app/Contents/MacOS/Google Chrome

[✓] Android Studio (version 2024.1)
    • Android Studio at /Applications/Android Studio.app/Contents
    • Flutter plugin can be installed from:
      🔨 https://plugins.jetbrains.com/plugin/9212-flutter
    • Dart plugin can be installed from:
      🔨 https://plugins.jetbrains.com/plugin/6351-dart
    • Java version OpenJDK Runtime Environment (build 17.0.11+0-17.0.11b1207.24-11852314)

[✓] VS Code (version 1.92.1)
    • VS Code at /Applications/Visual Studio Code.app/Contents
    • Flutter extension version 3.94.0

[✓] Connected device (4 available)
    • iPhone 13 Pro Max (mobile)      • 4C172C7C-C178-48B3-B65C-06289F00AA31 • ios            • com.apple.CoreSimulator.SimRuntime.iOS-15-0 (simulator)
    • macOS (desktop)                 • macos                                • darwin-arm64   • macOS 14.5 23F79 darwin-arm64
    • Mac Designed for iPad (desktop) • mac-designed-for-ipad                • darwin         • macOS 14.5 23F79 darwin-arm64
    • Chrome (web)                    • chrome                               • web-javascript • Google Chrome 127.0.6533.120

[✓] Network resources
    • All expected network resources are available.

• No issues found!
```
